[www.designdetail.io/index.html]
[backblue.gif]
[fade.gif]
[index.html]
[assets.website-files.com/6005c2342dc6cd27d99bb17b/css/design-detail.webflow.7913f82a7.min.css]
[ajax.googleapis.com/ajax/libs/webfont/1.6.26/webfont.js]
[use.typekit.net/ksd4mdd.js]
[assets.website-files.com/6005c2342dc6cd27d99bb17b/603c19f593f850648572c9bb_DDFavIcon.png]
[assets.website-files.com/6005c2342dc6cd27d99bb17b/603c19f92534df8f37e6ae3d_DesignDetailWebclip.png]
[www.designdetail.io/shift-package.html]
[www.designdetail.io/portfolio.html]
[www.designdetail.io/about.html]
[www.designdetail.io/content.html]
[www.designdetail.io/contact.html]
[www.designdetail.io/portfolio/vive-auto-detailing.html]
[www.designdetail.io/portfolio/chavez-sons.html]
[www.designdetail.io/portfolio/clean-labs.html]
[www.designdetail.io/portfolio/hughs-detailing.html]
[www.designdetail.io/portfolio/detail-2-u.html]
[assets.website-files.com/6005c2342dc6cd27d99bb17b/63521a076cc9d857eacf7187_Screenshot 2022-10-21 at 4.29.59 am.jpg]
[assets.website-files.com/6005c2342dc6cd27d99bb17b/6352196ea3992e5f3c884840_Screenshot 2022-10-21 at 4.27.05 am.jpg]
[assets.website-files.com/6005c2342dc6cd27d99bb17b/6352194bf5b31697a7b34c2e_Screenshot 2022-10-21 at 4.30.37 am.jpg]
[assets.website-files.com/6005c2342dc6cd27d99bb17b/6352192a81aee980ce2a5bc7_Screenshot-2022-10-21-at-4.24.37-am.jpg]
[assets.website-files.com/6005c2342dc6cd27d99bb17b/635219e726d3626f56766830_Screenshot 2022-10-21 at 4.35.53 am.jpg]
[assets.website-files.com/6005c2342dc6cd27d99bb17b/62cd5c7c77f1907395a9d128_Screenshot 2022-07-12 at 11.48.52.jpg]
[assets.website-files.com/6005c2342dc6cd27d99bb17b/62cd5c964a179df4700bd740_Screenshot 2022-07-12 at 11.57.15.jpg]
[assets.website-files.com/6005c2342dc6cd27d99bb17b/62cd5cb44947cdfa279cc9d8_Screenshot 2022-07-12 at 11.59.52.jpg]
[assets.website-files.com/6005c2342dc6cd27d99bb17b/63521add6cc9d86d8dcf7f07_Screenshot 2022-10-21 at 4.25.41 am.jpg]
[assets.website-files.com/6005c2342dc6cd27d99bb17b/62cd5cb542b8afdaf841dd4b_Screenshot 2022-07-12 at 12.01.30.jpg]
[assets.website-files.com/6005c2342dc6cd27d99bb17b/6352198e76bfe66205a0db1a_Screenshot 2022-10-21 at 4.35.42 am.jpg]
[assets.website-files.com/6005c2342dc6cd27d99bb17b/62cd5c97f39ff03191f044e2_Screenshot 2022-07-12 at 11.56.40.jpg]
[assets.website-files.com/6005c2342dc6cd27d99bb17b/601ae319670e78c9295fa664_CoatingMode.jpg]
[assets.website-files.com/6005c2342dc6cd27d99bb17b/61e16e1e1805978926cdfd82_KyUMHHomeShort.jpg]
[assets.website-files.com/6005c2342dc6cd27d99bb17b/61e16e1e18059707efcdfd72_InsaneBoatsCategoryShort.jpg]
[assets.website-files.com/6005c2342dc6cd27d99bb17b/61e16e1e1805975c46cdfd7e_DetailingHeroShort.jpg]
[assets.website-files.com/6005c2342dc6cd27d99bb17b/61e16e1e1805970568cdfd7a_EDServiceShort.jpg]
[assets.website-files.com/6005c2342dc6cd27d99bb17b/62cd5cb6c07a5b5e83a8360b_Screenshot 2022-07-12 at 12.00.13.jpg]
[assets.website-files.com/6005c2342dc6cd27d99bb17b/61e16e1e180597d234cdfd93_ViveExteriorShort.jpg]
[assets.website-files.com/6005c2342dc6cd27d99bb17b/601ae318f4d3285df9ebee28_MercMode.jpg]
[assets.website-files.com/6005c2342dc6cd27d99bb17b/61e16e1e1805970ba8cdfd97_ViveHomeServiceShort.jpg]
[assets.website-files.com/6005c2342dc6cd27d99bb17b/6016cb674a9305b69e986243_Services-Top.jpg]
[assets.website-files.com/6005c2342dc6cd27d99bb17b/6016e12eb166399ecc1eb54c_Portfolio Home.jpg]
[assets.website-files.com/600f12837adf215d7d8d23ff/63518858cc203b689df15d6e_BlogThumbnail.jpg]
[www.designdetail.io/post/why-your-car-detailing-business-needs-a-great-website.html]
[d3e54v103j8qbb.cloudfront.net/js/jquery-3.5.1.min.dc5e7f18c8b716.js]
[www.designdetail.io/index.html]
[assets.website-files.com/6005c2342dc6cd27d99bb17b/css/design-detail.webflow.7913f82a7.min.css]
[cdn.jsdelivr.net/npm/slick-carousel@1.8.1/slick/slick.min.js]
[assets.website-files.com/6005c2342dc6cd27d99bb17b/js/webflow.be63b3d79.js]
[embed.typeform.com/next/embed.js]
[assets.website-files.com/6005c2342dc6cd27d99bb17b/62cd5c8a0c6cfd8e09d498cd_Screenshot 2022-07-12 at 11.53.41.jpg]
[assets.website-files.com/6005c2342dc6cd27d99bb17b/62cd5ca752cc07f1237d68f7_Screenshot 2022-07-12 at 12.02.13.jpg]
[assets.website-files.com/6005c2342dc6cd27d99bb17b/62cd5c67308c026fc1e6e7c4_Screenshot 2022-07-12 at 12.07.15.jpg]
[assets.website-files.com/6005c2342dc6cd27d99bb17b/62cd5c7ca8042577c2839481_Screenshot 2022-07-12 at 11.50.45.jpg]
[assets.website-files.com/6005c2342dc6cd27d99bb17b/601ae318be7d71aa6422396f_PPFMode.jpg]
[assets.website-files.com/6005c2342dc6cd27d99bb17b/62cd5c6852cc0703db7d668e_Screenshot 2022-07-12 at 12.07.41.jpg]
[assets.website-files.com/6005c2342dc6cd27d99bb17b/62cd5c7be65f0b31b2ad357b_Screenshot 2022-07-12 at 11.50.16.jpg]
[assets.website-files.com/6005c2342dc6cd27d99bb17b/62cd5ca80d02cab3f17bdcde_Screenshot 2022-07-12 at 12.04.13.jpg]
[assets.website-files.com/6005c2342dc6cd27d99bb17b/62cd5c670d02ca7e407bdbe8_Screenshot 2022-07-12 at 12.05.40.jpg]
[assets.website-files.com/6005c2342dc6cd27d99bb17b/62cd5ca8dc936dd00d73eb63_Screenshot 2022-07-12 at 12.03.10.jpg]
[assets.website-files.com/6005c2342dc6cd27d99bb17b/62cd5c96a39976767e1f4ddf_Screenshot 2022-07-12 at 11.58.40.jpg]
[assets.website-files.com/6005c2342dc6cd27d99bb17b/62bb02d00424ee386c86d5a2_CleanLabMulti.jpg]
[assets.website-files.com/6005c2342dc6cd27d99bb17b/632bb980e4c603e51200ef1f_ProDisplayTabs.jpg]
[assets.website-files.com/6005c2342dc6cd27d99bb17b/632bb9819c754c26b351b1ed_ProDisplayService.jpg]
[assets.website-files.com/6005c2342dc6cd27d99bb17b/632bb981a2678b92bb690a0a_ProDisplayPortfolio.jpg]
[assets.website-files.com/6005c2342dc6cd27d99bb17b/632bb9816109ee58c2089277_ProDisplayEditor.jpg]
[assets.website-files.com/6005c2342dc6cd27d99bb17b/632bb9807ef1020b7c862fbd_ProDisplayContact.jpg]
[assets.website-files.com/6005c2342dc6cd27d99bb17b/632bb980d162d0692d7aa48c_ProDisplayPromotion.jpg]
[assets.website-files.com/6005c2342dc6cd27d99bb17b/62bb042f2cd71424cd9612ff_CleanLabiPhones.jpg]
[assets.website-files.com/6005c2342dc6cd27d99bb17b/62bf0b4ef06b34430b428625_CleanLabSingleStack.jpg]
[assets.website-files.com/6005c2342dc6cd27d99bb17b/63521f0b20ec73a4a04c2f66_DDHomeSlab.png]
[www.designdetail.io/shift-package.html]
[assets.website-files.com/600f12837adf215d7d8d23ff/62348f61a6335cf9696dab47_ViveHome.jpg]
[assets.website-files.com/600f12837adf215d7d8d23ff/62348f6935480c5e47a7c854_ViveExteriorDetailing.jpg]
[assets.website-files.com/600f12837adf215d7d8d23ff/6234a9c6430523768444f6d1_ChavezHome.jpg]
[assets.website-files.com/600f12837adf215d7d8d23ff/6234a9ca9198537593f31ce0_ChavezCeramic.jpg]
[assets.website-files.com/600f12837adf215d7d8d23ff/622e0f3900dc0d46bc331be9_CLHome.jpg]
[assets.website-files.com/600f12837adf215d7d8d23ff/622e0f45c171d8d255dd476c_CLCeramicCoating.jpg]
[assets.website-files.com/600f12837adf215d7d8d23ff/6234d495837d9158811ba849_HomeFull.jpg]
[assets.website-files.com/600f12837adf215d7d8d23ff/6234d49dbc2c3d642970be78_Modesta.jpg]
[assets.website-files.com/600f12837adf215d7d8d23ff/622e2c811764511e3520c470_E1Home.jpg]
[assets.website-files.com/600f12837adf215d7d8d23ff/622e2c8b9270037025cb9f88_E1About.jpg]
[www.designdetail.io/portfolio/pristine-detail.html]
[assets.website-files.com/600f12837adf215d7d8d23ff/622e2d8312c779060453ba43_pristine-detail-logo.png]
[assets.website-files.com/600f12837adf215d7d8d23ff/622e2e9e5fadbf97ae0aaf99_PristineHome.jpg]
[assets.website-files.com/600f12837adf215d7d8d23ff/622e2eab0b7ecb10f4e46838_PristineExterior.jpg]
[www.designdetail.io/portfolio/auto-quest.html]
[assets.website-files.com/600f12837adf215d7d8d23ff/62308562422ad352ecc15239_AQHome.jpg]
[assets.website-files.com/600f12837adf215d7d8d23ff/62308569f06d7af93d0f7e40_AQPPF.jpg]
[assets.website-files.com/600f12837adf215d7d8d23ff/633cd3da9ad136c27f9cbceb_Detail2UHome.jpg]
[assets.website-files.com/600f12837adf215d7d8d23ff/633cd3dfa0bccbfd7652d79b_Detail2UAbout.jpg]
[www.designdetail.io/portfolio/koi-detailing.html]
[assets.website-files.com/600f12837adf215d7d8d23ff/622e241e8210ffc254869d92_KoiHome.jpg]
[assets.website-files.com/600f12837adf215d7d8d23ff/622e242b388770b8137c05e8_KoiAbout.jpg]
[assets.website-files.com/600f12837adf215d7d8d23ff/624dce7a68b1d4feea5c7024_PolitecHome.jpg]
[assets.website-files.com/600f12837adf215d7d8d23ff/624dce7e7cbbcefe9e919402_PolitecAbout.jpg]
[www.designdetail.io/portfolio.html]
[assets.website-files.com/6005c2342dc6cd27d99bb17b/63418d5c025b9fc58748f457_Screenshot-2022-10-08-at-3.45.40-pm.jpg]
[www.designdetail.io/about.html]
[www.designdetail.io/content.html]
[www.designdetail.io/contact.html]
[assets.website-files.com/600f12837adf215d7d8d23ff/622e1a9402e90a70b5a64d28_5cf0325a4ad250c1b9aa882b_Vive_Porsche_GT3RS_GT4_Web_Res-2.jpg]
[assets.website-files.com/600f12837adf215d7d8d23ff/6234958cd18142c2bc4348c9_ViveSlabComp.jpg]
[assets.website-files.com/600f12837adf215d7d8d23ff/62349437f060a11e9b30101c_ViveEducation.jpg]
[assets.website-files.com/600f12837adf215d7d8d23ff/62332863a9a715fbaf330788_TabPricing2.jpg]
[assets.website-files.com/600f12837adf215d7d8d23ff/62349882caa4b7399103341c_VivePPFStudioComp.jpg]
[assets.website-files.com/600f12837adf215d7d8d23ff/62348f73c07a44631518c146_VivePPF.jpg]
[assets.website-files.com/600f12837adf215d7d8d23ff/62348f7bab9d736f68d99329_ViveNewCarProtection.jpg]
[assets.website-files.com/600f12837adf215d7d8d23ff/6233c6c206f90dc80b0621b5_ViveQuestionsScreenshot2.jpg]
[assets.website-files.com/600f12837adf215d7d8d23ff/6234a070d0250428eec321dd_ViveiPhoneScreensComp.jpg]
[assets.website-files.com/600f12837adf215d7d8d23ff/62348f8271fe6f045da9500d_ViveAbout.jpg]
[assets.website-files.com/600f12837adf215d7d8d23ff/62348f8b138e7ea96e45f0df_ViveBlog.jpg]
[assets.website-files.com/600f12837adf215d7d8d23ff/623493b8ce44dcd4fe193370_ViveLandingScreenshot.jpg]
[assets.website-files.com/600f12837adf215d7d8d23ff/62349eb74b5d4e2427b1567f_VivePortfolioScreensComp.jpg]
[assets.website-files.com/600f12837adf215d7d8d23ff/62348f94ab9d73bd84d993bd_VivePortfolio.jpg]
[assets.website-files.com/600f12837adf215d7d8d23ff/62348f97e296cf4b42144773_VivePortfolio1.jpg]
[www.designdetail.io/portfolio/vive-auto-detailing.html]
[assets.website-files.com/600f12837adf215d7d8d23ff/632d2f816f975d902b1fcce4_618bcc142c6045e93d473f19_Coating Pic.jpg]
[assets.website-files.com/600f12837adf215d7d8d23ff/6234d15c7fffd0be9f01fa9f_ChavezSlabsSmall.jpg]
[assets.website-files.com/600f12837adf215d7d8d23ff/6234b151b1bdac4df7a06de5_ChavezF1.jpg]
[assets.website-files.com/600f12837adf215d7d8d23ff/6234b2b58d52858387eebc5b_ChavezF2.jpg]
[assets.website-files.com/600f12837adf215d7d8d23ff/6234ce90f5197a2ef53652ee_ChavezMacbook.jpg]
[assets.website-files.com/600f12837adf215d7d8d23ff/6234a9cff75ece8f1031a811_ChavezCorrection.jpg]
[assets.website-files.com/600f12837adf215d7d8d23ff/6234a9d5a296f981377aea18_ChavezPPF.jpg]
[assets.website-files.com/600f12837adf215d7d8d23ff/6234b3acf75eced7a331f92b_ChavezF3.jpg]
[assets.website-files.com/600f12837adf215d7d8d23ff/6234d0b0dd6a6284ac548f34_ChaveziPhoneSmall.jpg]
[assets.website-files.com/600f12837adf215d7d8d23ff/6234b4ad69e26517e8a9f546_ChavezF4.jpg]
[www.designdetail.io/portfolio/chavez-sons.html]
[assets.website-files.com/600f12837adf215d7d8d23ff/622e1da6d1256c46babb2f99_62055cc4e341428243b7c189_IMG_0057.jpg]
[assets.website-files.com/600f12837adf215d7d8d23ff/62505749fdac991659603e8d_CleanLabMulti.jpg]
[assets.website-files.com/600f12837adf215d7d8d23ff/624da8091f6d630b90ab755e_CLSection1.jpg]
[assets.website-files.com/600f12837adf215d7d8d23ff/624db635ab88d16c3e9f0223_CLSection2.jpg]
[assets.website-files.com/600f12837adf215d7d8d23ff/625059895321601adef8aa14_CleanLabXDR1.jpg]
[assets.website-files.com/600f12837adf215d7d8d23ff/622e0f584de6f874279950c2_CLDetail.jpg]
[assets.website-files.com/600f12837adf215d7d8d23ff/622e0f62d1256cca39ba99ef_CLPackage.jpg]
[assets.website-files.com/600f12837adf215d7d8d23ff/624db819221de141dee9dd78_CLSection3.jpg]
[assets.website-files.com/600f12837adf215d7d8d23ff/625058d0ec1c958484125b78_CleanLabiPhones.jpg]
[assets.website-files.com/600f12837adf215d7d8d23ff/622e0f6fffd0234814977de5_CLAbout.jpg]
[assets.website-files.com/600f12837adf215d7d8d23ff/622e11faf85ef6810fe9b646_CLPPF.jpg]
[assets.website-files.com/600f12837adf215d7d8d23ff/624dbaac769091087251784b_CLSection4.jpg]
[assets.website-files.com/600f12837adf215d7d8d23ff/622e0f8ee92a5f172ce9542c_CLPortfolio.jpg]
[assets.website-files.com/600f12837adf215d7d8d23ff/622e0f954de6f88e6b995856_CLPorsche2.jpg]
[www.designdetail.io/portfolio/clean-labs.html]
[assets.website-files.com/600f12837adf215d7d8d23ff/622e254aa1d15afa31d9cdd6_61a0df765c321fce3c9a360e_A-9.jpg]
[assets.website-files.com/600f12837adf215d7d8d23ff/6234d6fe6b7f0ab38f261a5f_HughSlab.jpg]
[assets.website-files.com/600f12837adf215d7d8d23ff/62360498aa85b3352b3b73ef_HughF1.jpg]
[assets.website-files.com/600f12837adf215d7d8d23ff/623606ab108bbc15f4e994bf_HughF2.jpg]
[assets.website-files.com/600f12837adf215d7d8d23ff/6236119dcef2cc6bb40d8227_HughXDR.jpg]
[assets.website-files.com/600f12837adf215d7d8d23ff/6234d4a2a8f03b1aaca0fbae_PPF.jpg]
[assets.website-files.com/600f12837adf215d7d8d23ff/6234d4a86b7f0af3e92603f6_About.jpg]
[assets.website-files.com/600f12837adf215d7d8d23ff/62360785e10936923ddd75d7_HughF3.jpg]
[assets.website-files.com/600f12837adf215d7d8d23ff/6234d4cb0a516cc88b51069a_Portfolio.jpg]
[assets.website-files.com/600f12837adf215d7d8d23ff/6234d4bd8d5285003fefdbd0_Residential.jpg]
[assets.website-files.com/600f12837adf215d7d8d23ff/623610ece7a5d6da3ecc5038_HughF4Portfolio.jpg]
[assets.website-files.com/600f12837adf215d7d8d23ff/622e29e54798feecd44f9f41_Menu.jpg]
[assets.website-files.com/600f12837adf215d7d8d23ff/622e29f80eec973ebd10cd8c_Footer.jpg]
[www.designdetail.io/portfolio/hughs-detailing.html]
[assets.website-files.com/600f12837adf215d7d8d23ff/633cd1d2217fbf0817f8deb2_IMG_0289(1).jpg]
[assets.website-files.com/600f12837adf215d7d8d23ff/633cd9635888a184e75a8b7f_Detail2UFeature1Compressed.jpg]
[assets.website-files.com/600f12837adf215d7d8d23ff/633cdbaa53bd4d6e20443f34_Detail2UPart1.jpg]
[assets.website-files.com/600f12837adf215d7d8d23ff/633cdd4db8dd5e5dab5d7adf_Detail2UEducation.jpg]
[assets.website-files.com/600f12837adf215d7d8d23ff/633cd3ea929879ee75d4d1cb_Detail2UCeramic.jpg]
[assets.website-files.com/600f12837adf215d7d8d23ff/633cd3ee172c0027efc46e04_Detail2UPPF.jpg]
[assets.website-files.com/600f12837adf215d7d8d23ff/633cdde360d7a13abb93ff50_Detail2UTab.jpg]
[assets.website-files.com/600f12837adf215d7d8d23ff/633cd3f3b53dda2032975c72_Detail2UMobile.jpg]
[assets.website-files.com/600f12837adf215d7d8d23ff/633cd3f9c2be887b81222333_Detail2UAdditional.jpg]
[assets.website-files.com/600f12837adf215d7d8d23ff/633ce001f4ec8e62b9be28ec_Detail2UiPhones.jpg]
[assets.website-files.com/600f12837adf215d7d8d23ff/633cd40059e689032069dee0_Detail2UPortfolio.jpg]
[assets.website-files.com/600f12837adf215d7d8d23ff/633cd408217fbfdbfdf8ee4d_Detail2UNewCar.jpg]
[www.designdetail.io/portfolio/detail-2-u.html]
[www.designdetail.io/post/why-your-car-detailing-business-needs-a-great-website.html]
[embed.typeform.com/next/embed.js]
[assets.website-files.com/600f12837adf215d7d8d23ff/622e2dc976cb670edc729296_61e58c8582f32f1701ca44a7_DSC06801 copy.jpg]
[assets.website-files.com/600f12837adf215d7d8d23ff/624f6a779d9e91698674c455_PristineSection1.jpg]
[assets.website-files.com/600f12837adf215d7d8d23ff/624f6b41fe9e973f76ba8375_PristineSection2.jpg]
[assets.website-files.com/600f12837adf215d7d8d23ff/622e2eb5395c96c817821735_PristineCeramic.jpg]
[assets.website-files.com/600f12837adf215d7d8d23ff/622e2eb8395c9645b3821736_PristineClearBra.jpg]
[assets.website-files.com/600f12837adf215d7d8d23ff/624f6c21d81382c6ce011a18_PristineSection3.jpg]
[assets.website-files.com/600f12837adf215d7d8d23ff/622e2ebe9ffd6072a1babf9f_PristineWindow.jpg]
[assets.website-files.com/600f12837adf215d7d8d23ff/622e2ec1232d1d5ac3c9ad2d_PristinePortfolio.jpg]
[assets.website-files.com/600f12837adf215d7d8d23ff/624f6ce5376442e0a43f9b77_PristineSection4.jpg]
[www.designdetail.io/portfolio/pristine-detail.html]
[assets.website-files.com/600f12837adf215d7d8d23ff/622f4ac0024a210610b53dd8_IMG_1140(1).jpg]
[assets.website-files.com/600f12837adf215d7d8d23ff/624f5677831ccadad4550041_AQSection1.jpg]
[assets.website-files.com/600f12837adf215d7d8d23ff/624f57f66fca8022a45b7706_AQSection2.jpg]
[assets.website-files.com/600f12837adf215d7d8d23ff/6230856d8511290ba22e0b1c_AQExterior.jpg]
[assets.website-files.com/600f12837adf215d7d8d23ff/62308570915a8c3fa87a47b0_AQBottom.jpg]
[assets.website-files.com/600f12837adf215d7d8d23ff/624f58a16600536d071fe810_AQSection3.jpg]
[www.designdetail.io/portfolio/auto-quest.html]
[assets.website-files.com/600f12837adf215d7d8d23ff/622e2857a1d15a25c7d9db2d_62163e2e0e303e27daff7c8f_IMG_4582.jpg]
[assets.website-files.com/600f12837adf215d7d8d23ff/624dbeb3313299726d196c53_KoiSection1.jpg]
[assets.website-files.com/600f12837adf215d7d8d23ff/624dbfc4796b082153e697a4_KoiSection2.jpg]
[assets.website-files.com/600f12837adf215d7d8d23ff/622e2435e92a5f1008e9f58d_KoiPortfolio.jpg]
[assets.website-files.com/600f12837adf215d7d8d23ff/622e243a17645111a4208e2f_KoiValeting.jpg]
[assets.website-files.com/600f12837adf215d7d8d23ff/624dc097906f444ee09665ff_KoiSection3.jpg]
[www.designdetail.io/portfolio/koi-detailing.html]
[www.designdetail.io/_https_/assets.website-files.com/6005c2342dc6cd27d99bb17b/6352108926d362520b760e8a_HomeBG-poster-00001.jpg_]
[www.designdetail.io/_https_/assets.website-files.com/600f12837adf215d7d8d23ff/6234958cd18142c2bc4348c9_ViveSlabComp.jpg_]
[www.designdetail.io/_https_/assets.website-files.com/600f12837adf215d7d8d23ff/6234d15c7fffd0be9f01fa9f_ChavezSlabsSmall.jpg_]
[www.designdetail.io/_https_/assets.website-files.com/600f12837adf215d7d8d23ff/62505749fdac991659603e8d_CleanLabMulti.jpg_]
[www.designdetail.io/_https_/assets.website-files.com/600f12837adf215d7d8d23ff/6234d6fe6b7f0ab38f261a5f_HughSlab.jpg_]
[www.designdetail.io/_https_/assets.website-files.com/600f12837adf215d7d8d23ff/633cd9635888a184e75a8b7f_Detail2UFeature1Compressed.jpg_]
[www.designdetail.io/_https_/assets.website-files.com/6005c2342dc6cd27d99bb17b/62b47d7e82c80190150617ec_VideoBoxFront1-2-poster-00001.jpg_]
[www.designdetail.io/_https_/assets.website-files.com/600f12837adf215d7d8d23ff/622e1a9402e90a70b5a64d28_5cf0325a4ad250c1b9aa882b_Vive_Porsche_GT3RS_GT4_Web_Res-2.jpg_]
[www.designdetail.io/_https_/assets.website-files.com/600f12837adf215d7d8d23ff/632d2f816f975d902b1fcce4_618bcc142c6045e93d473f19_Coating Pic.jpg_]
[www.designdetail.io/_https_/assets.website-files.com/600f12837adf215d7d8d23ff/622e1da6d1256c46babb2f99_62055cc4e341428243b7c189_IMG_0057.jpg_]
[www.designdetail.io/_https_/assets.website-files.com/600f12837adf215d7d8d23ff/622e254aa1d15afa31d9cdd6_61a0df765c321fce3c9a360e_A-9.jpg_]
[www.designdetail.io/_https_/assets.website-files.com/600f12837adf215d7d8d23ff/622e1ec61af3d410e9fe0c0b_5f1a47a58b5f6c20d3139036_PorscheLineImage_00000-1.jpg_]
[www.designdetail.io/portfolio/e1-auto-spa]
[www.designdetail.io/_https_/assets.website-files.com/600f12837adf215d7d8d23ff/622e2dc976cb670edc729296_61e58c8582f32f1701ca44a7_DSC06801 copy.jpg_]
[www.designdetail.io/_https_/assets.website-files.com/600f12837adf215d7d8d23ff/622f4ac0024a210610b53dd8_IMG_1140(1]
[www.designdetail.io/_https_/assets.website-files.com/600f12837adf215d7d8d23ff/633cd1d2217fbf0817f8deb2_IMG_0289(1]
[www.designdetail.io/_https_/assets.website-files.com/600f12837adf215d7d8d23ff/622e2857a1d15a25c7d9db2d_62163e2e0e303e27daff7c8f_IMG_4582.jpg_]
[www.designdetail.io/_https_/assets.website-files.com/600f12837adf215d7d8d23ff/622f375d574e4921ed386d98_61a888384a9df48ab15bb1fb_DSC00085_1150-2.jpg_]
[www.designdetail.io/portfolio/politec]
[www.designdetail.io/portfolio/_https_/assets.website-files.com/600f12837adf215d7d8d23ff/622e1ec61af3d410e9fe0c0b_5f1a47a58b5f6c20d3139036_PorscheLineImage_00000-1.jpg_]
[www.designdetail.io/portfolio/_https_/assets.website-files.com/600f12837adf215d7d8d23ff/622e2dc976cb670edc729296_61e58c8582f32f1701ca44a7_DSC06801 copy.jpg_]
[www.designdetail.io/portfolio/_https_/assets.website-files.com/600f12837adf215d7d8d23ff/622f4ac0024a210610b53dd8_IMG_1140(1]
[www.designdetail.io/portfolio/_https_/assets.website-files.com/600f12837adf215d7d8d23ff/622f375d574e4921ed386d98_61a888384a9df48ab15bb1fb_DSC00085_1150-2.jpg_]
[www.designdetail.io/portfolio/_https_/assets.website-files.com/600f12837adf215d7d8d23ff/633cd1d2217fbf0817f8deb2_IMG_0289(1]
[www.designdetail.io/portfolio/_https_/assets.website-files.com/600f12837adf215d7d8d23ff/622e1a9402e90a70b5a64d28_5cf0325a4ad250c1b9aa882b_Vive_Porsche_GT3RS_GT4_Web_Res-2.jpg_]
[www.designdetail.io/portfolio/_https_/assets.website-files.com/600f12837adf215d7d8d23ff/622e2857a1d15a25c7d9db2d_62163e2e0e303e27daff7c8f_IMG_4582.jpg_]
[www.designdetail.io/portfolio/_https_/assets.website-files.com/600f12837adf215d7d8d23ff/622e254aa1d15afa31d9cdd6_61a0df765c321fce3c9a360e_A-9.jpg_]
[www.designdetail.io/popover.css]
[www.designdetail.io/popup.css]
[www.designdetail.io/sidetab.css]
[www.designdetail.io/slider.css]
[www.designdetail.io/widget.css]
[www.designdetail.io/e]
[www.designdetail.io/window.location.href]
[www.designdetail.io/portfolio/_https_/assets.website-files.com/600f12837adf215d7d8d23ff/632d2f816f975d902b1fcce4_618bcc142c6045e93d473f19_Coating Pic.jpg_]
